<?xml version="1.0" encoding="UTF-8"?>
<testsuite name="CoinTest" tests="2" skipped="0" failures="0" errors="0" timestamp="2018-04-23T21:25:25" hostname="Apple-3.local" time="0.0">
  <properties/>
  <testcase name="testNickelReturnsType" classname="CoinTest" time="0.0"/>
  <testcase name="testQuarterReturnsCentsValue" classname="CoinTest" time="0.0"/>
  <system-out><![CDATA[]]></system-out>
  <system-err><![CDATA[]]></system-err>
</testsuite>
