<?xml version="1.0" encoding="UTF-8"?>
<testsuite name="CurrencyDisplayTest" tests="2" skipped="0" failures="0" errors="0" timestamp="2018-04-23T21:25:25" hostname="Apple-3.local" time="0.005">
  <properties/>
  <testcase name="test100returnsOneDollar" classname="CurrencyDisplayTest" time="0.004"/>
  <testcase name="CurrencyDisplayFormatDollarsReturnsDecimalFormatString" classname="CurrencyDisplayTest" time="0.001"/>
  <system-out><![CDATA[]]></system-out>
  <system-err><![CDATA[]]></system-err>
</testsuite>
